<?xml version="1.0" encoding="UTF-8"?>
<!-- Generated by org.testng.reporters.JUnitXMLReporter -->
<testsuite hostname="LAPTOP-CMFMPBMS" name="Login Tests" tests="6" failures="1" timestamp="26 Jun 2022 15:23:45 GMT" time="125.948" errors="0">
  <testcase name="test" time="2.94" classname="mobile.android.testCases.AppTestcase"/>
  <testcase name="sideMenuOption" time="2.771" classname="mobile.android.testCases.AppTestcase"/>
  <testcase name="contextValidation" time="4.353" classname="mobile.android.testCases.AppTestcase"/>
  <testcase name="themeValidation" time="7.837" classname="mobile.android.testCases.AppTestcase"/>
  <testcase name="versionValidation" time="16.608" classname="mobile.android.testCases.AppTestcase"/>
  <testcase name="ScreenhotValidation" time="13.444" classname="mobile.android.testCases.AppTestcase">
    <failure type="java.lang.AssertionError">
      <![CDATA[java.lang.AssertionError
	at mobile.android.testCases.AppTestcase.ScreenhotValidation(AppTestcase.java:116)
... Removed 24 stack frames]]>
    </failure>
  </testcase> <!-- ScreenhotValidation -->
</testsuite> <!-- Login Tests -->
